Flow report for kx9016
Fri Feb 18 21:57:27 2022
Quartus II 64-Bit Version 9.1 Build 222 10/21/2009 SJ Full Version


---------------------
; Table of Contents ;
---------------------
  1. Legal Notice
  2. Flow Summary
  3. Flow Settings
  4. Flow Non-Default Global Settings
  5. Flow Elapsed Time
  6. Flow OS Summary
  7. Flow Log



----------------
; Legal Notice ;
----------------
Copyright (C) 1991-2009 Altera Corporation
Your use of Altera Corporation's design tools, logic functions 
and other software and tools, and its AMPP partner logic 
functions, and any output files from any of the foregoing 
(including device programming or simulation files), and any 
associated documentation or information are expressly subject 
to the terms and conditions of the Altera Program License 
Subscription Agreement, Altera MegaCore Function License 
Agreement, or other applicable license agreement, including, 
without limitation, that your use is for the sole purpose of 
programming logic devices manufactured by Altera and sold by 
Altera or its authorized distributors.  Please refer to the 
applicable agreement for further details.



+-------------------------------------------------------------------------------+
; Flow Summary                                                                  ;
+------------------------------------+------------------------------------------+
; Flow Status                        ; Successful - Fri Feb 18 21:57:27 2022    ;
; Quartus II 64-Bit Version          ; 9.1 Build 222 10/21/2009 SJ Full Version ;
; Revision Name                      ; kx9016                                   ;
; Top-level Entity Name              ; kx9016                                   ;
; Family                             ; Cyclone II                               ;
; Device                             ; EP2C35F672C6                             ;
; Timing Models                      ; Final                                    ;
; Met timing requirements            ; No                                       ;
; Total logic elements               ; 644 / 33,216 ( 2 % )                     ;
;     Total combinational functions  ; 523 / 33,216 ( 2 % )                     ;
;     Dedicated logic registers      ; 306 / 33,216 ( < 1 % )                   ;
; Total registers                    ; 306                                      ;
; Total pins                         ; 159 / 475 ( 33 % )                       ;
; Total virtual pins                 ; 0                                        ;
; Total memory bits                  ; 2,048 / 483,840 ( < 1 % )                ;
; Embedded Multiplier 9-bit elements ; 0 / 70 ( 0 % )                           ;
; Total PLLs                         ; 0 / 4 ( 0 % )                            ;
+------------------------------------+------------------------------------------+


+-----------------------------------------+
; Flow Settings                           ;
+-------------------+---------------------+
; Option            ; Setting             ;
+-------------------+---------------------+
; Start date & time ; 02/18/2022 21:57:13 ;
; Main task         ; Compilation         ;
; Revision Name     ; kx9016              ;
+-------------------+---------------------+


+---------------------------------------------------------------------------------------------------------------------+
; Flow Non-Default Global Settings                                                                                    ;
+------------------------------------+---------------------------------+---------------+-------------+----------------+
; Assignment Name                    ; Value                           ; Default Value ; Entity Name ; Section Id     ;
+------------------------------------+---------------------------------+---------------+-------------+----------------+
; COMPILER_SIGNATURE_ID              ; 141361127124584.164519263313684 ; --            ; --          ; --             ;
; IP_TOOL_NAME                       ; RAM: 1-PORT                     ; --            ; --          ; --             ;
; IP_TOOL_NAME                       ; LPM_BUSTRI                      ; --            ; --          ; --             ;
; IP_TOOL_VERSION                    ; 9.1                             ; --            ; --          ; --             ;
; IP_TOOL_VERSION                    ; 9.1                             ; --            ; --          ; --             ;
; MAX_CORE_JUNCTION_TEMP             ; 85                              ; --            ; --          ; --             ;
; MIN_CORE_JUNCTION_TEMP             ; 0                               ; --            ; --          ; --             ;
; MISC_FILE                          ; RAMK.bsf                        ; --            ; --          ; --             ;
; MISC_FILE                          ; RAMK.cmp                        ; --            ; --          ; --             ;
; MISC_FILE                          ; lpm_bustri0.bsf                 ; --            ; --          ; --             ;
; MISC_FILE                          ; lpm_bustri0.cmp                 ; --            ; --          ; --             ;
; PARTITION_COLOR                    ; 16764057                        ; --            ; --          ; Top            ;
; PARTITION_NETLIST_TYPE             ; SOURCE                          ; --            ; --          ; Top            ;
; USE_GENERATED_PHYSICAL_CONSTRAINTS ; Off                             ; --            ; --          ; eda_blast_fpga ;
+------------------------------------+---------------------------------+---------------+-------------+----------------+


+-----------------------------------------------------------------------------------------------------------------------------+
; Flow Elapsed Time                                                                                                           ;
+-------------------------+--------------+-------------------------+---------------------+------------------------------------+
; Module Name             ; Elapsed Time ; Average Processors Used ; Peak Virtual Memory ; Total CPU Time (on all processors) ;
+-------------------------+--------------+-------------------------+---------------------+------------------------------------+
; Analysis & Synthesis    ; 00:00:04     ; 1.0                     ; 4473 MB             ; 00:00:03                           ;
; Fitter                  ; 00:00:06     ; 2.3                     ; 4547 MB             ; 00:00:08                           ;
; Assembler               ; 00:00:02     ; 1.0                     ; 4451 MB             ; 00:00:02                           ;
; Classic Timing Analyzer ; 00:00:00     ; 1.0                     ; 4359 MB             ; 00:00:01                           ;
; Total                   ; 00:00:12     ; --                      ; --                  ; 00:00:14                           ;
+-------------------------+--------------+-------------------------+---------------------+------------------------------------+


+------------------------------------------------------------------------------------------+
; Flow OS Summary                                                                          ;
+-------------------------+------------------+---------------+------------+----------------+
; Module Name             ; Machine Hostname ; OS Name       ; OS Version ; Processor type ;
+-------------------------+------------------+---------------+------------+----------------+
; Analysis & Synthesis    ; DESKTOP-TN8GO5B  ; Windows Vista ; 6.2        ; x86_64         ;
; Fitter                  ; DESKTOP-TN8GO5B  ; Windows Vista ; 6.2        ; x86_64         ;
; Assembler               ; DESKTOP-TN8GO5B  ; Windows Vista ; 6.2        ; x86_64         ;
; Classic Timing Analyzer ; DESKTOP-TN8GO5B  ; Windows Vista ; 6.2        ; x86_64         ;
+-------------------------+------------------+---------------+------------+----------------+


------------
; Flow Log ;
------------
quartus_map --read_settings_files=on --write_settings_files=off kx9016 -c kx9016
quartus_fit --read_settings_files=off --write_settings_files=off kx9016 -c kx9016
quartus_asm --read_settings_files=off --write_settings_files=off kx9016 -c kx9016
quartus_tan --read_settings_files=off --write_settings_files=off kx9016 -c kx9016 --timing_analysis_only



